[0m21:05:40.229945 [debug] [MainThread]: Sending event: {'category': 'dbt', 'action': 'invocation', 'label': 'start', 'context': [<snowplow_tracker.self_describing_json.SelfDescribingJson object at 0x0000026498FF6BD0>, <snowplow_tracker.self_describing_json.SelfDescribingJson object at 0x000002649BE711D0>, <snowplow_tracker.self_describing_json.SelfDescribingJson object at 0x000002649BE71550>]}


============================== 21:05:40.323682 | 01b84d31-4467-41ed-9d4b-87058fc1129f ==============================
[0m21:05:40.323682 [info ] [MainThread]: Running with dbt=1.7.7
[0m21:05:40.323682 [debug] [MainThread]: running dbt with arguments {'printer_width': '80', 'indirect_selection': 'eager', 'write_json': 'True', 'log_cache_events': 'False', 'partial_parse': 'True', 'cache_selected_only': 'False', 'warn_error': 'None', 'debug': 'False', 'version_check': 'True', 'log_path': 'logs', 'profiles_dir': 'C:\\Users\\Edward\\.dbt', 'fail_fast': 'False', 'use_colors': 'True', 'use_experimental_parser': 'False', 'no_print': 'None', 'quiet': 'False', 'log_format': 'default', 'introspect': 'True', 'invocation_command': 'dbt init postgres_transform', 'static_parser': 'True', 'target_path': 'None', 'warn_error_options': 'WarnErrorOptions(include=[], exclude=[])', 'send_anonymous_usage_stats': 'True'}
[0m21:05:40.323682 [warn ] [MainThread]: [ConfigFolderDirectory]: Unable to parse dict {'dir': WindowsPath('C:/Users/Edward/.dbt')}
[0m21:05:40.323682 [info ] [MainThread]: Creating dbt configuration folder at 
[0m21:05:40.338049 [debug] [MainThread]: Starter project path: C:\Users\Edward\AppData\Local\pypoetry\Cache\virtualenvs\elt-script-K43DdYlr-py3.11\Lib\site-packages\dbt\include\starter_project
[0m21:05:40.438406 [info ] [MainThread]: 
Your new dbt project "postgres_transform" was created!

For more information on how to configure the profiles.yml file,
please consult the dbt documentation here:

  https://docs.getdbt.com/docs/configure-your-profile

One more thing:

Need help? Don't hesitate to reach out to us via GitHub issues or on Slack:

  https://community.getdbt.com/

Happy modeling!

[0m21:05:40.442391 [info ] [MainThread]: Setting up your profile.
[0m21:07:09.029956 [info ] [MainThread]: Profile postgres_transform written to C:\Users\Edward\.dbt\profiles.yml using target's profile_template.yml and your supplied values. Run 'dbt debug' to validate the connection.
[0m21:07:09.029956 [debug] [MainThread]: Command `dbt init` succeeded at 21:07:09.029956 after 88.82 seconds
[0m21:07:09.029956 [debug] [MainThread]: Sending event: {'category': 'dbt', 'action': 'invocation', 'label': 'end', 'context': [<snowplow_tracker.self_describing_json.SelfDescribingJson object at 0x000002649B792210>, <snowplow_tracker.self_describing_json.SelfDescribingJson object at 0x0000026495107990>, <snowplow_tracker.self_describing_json.SelfDescribingJson object at 0x0000026494E7D6D0>]}
[0m21:07:09.029956 [debug] [MainThread]: Flushing usage events
